<?xml version="1.0" encoding="UTF-8"?>
<robot generator="Robot 7.3.2 (Python 3.12.10 on win32)" generated="2025-07-10T13:47:50.710662" rpa="false" schemaversion="5">
<suite id="s1" name="Hello" source="C:\Projetos\QAx\walkdog-robot\hello.robot">
<test id="s1-t1" name="Deve mostrar uma mensagem de boas-vindas" line="5">
<kw name="Log To Console" owner="BuiltIn">
<arg>Hello Robot</arg>
<doc>Logs the given message to the console.</doc>
<status status="PASS" start="2025-07-10T13:47:50.837613" elapsed="0.002991"/>
</kw>
<status status="PASS" start="2025-07-10T13:47:50.835614" elapsed="0.005988"/>
</test>
<doc>Meu Primeiro teste em Robot Framework</doc>
<status status="PASS" start="2025-07-10T13:47:50.714858" elapsed="0.127249"/>
</suite>
<statistics>
<total>
<stat pass="1" fail="0" skip="0">All Tests</stat>
</total>
<tag>
</tag>
<suite>
<stat name="Hello" id="s1" pass="1" fail="0" skip="0">Hello</stat>
</suite>
</statistics>
<errors>
</errors>
</robot>
